20:21:14 **** Incremental Build of configuration Debug for project CrossFire3 ****
make all 
Building file: ../assignType.c
Invoking: GCC C Compiler
gcc -O0 -g3 -Wall -c -fmessage-length=0 -MMD -MP -MF"assignType.d" -MT"assignType.o" -o "assignType.o" "../assignType.c"
Finished building: ../assignType.c
 
Building file: ../attack.c
Invoking: GCC C Compiler
gcc -O0 -g3 -Wall -c -fmessage-length=0 -MMD -MP -MF"attack.d" -MT"attack.o" -o "attack.o" "../attack.c"
Finished building: ../attack.c
 
Building file: ../boardOps.c
Invoking: GCC C Compiler
gcc -O0 -g3 -Wall -c -fmessage-length=0 -MMD -MP -MF"boardOps.d" -MT"boardOps.o" -o "boardOps.o" "../boardOps.c"
Finished building: ../boardOps.c
 
Building file: ../checkAdjSlot.c
Invoking: GCC C Compiler
gcc -O0 -g3 -Wall -c -fmessage-length=0 -MMD -MP -MF"checkAdjSlot.d" -MT"checkAdjSlot.o" -o "checkAdjSlot.o" "../checkAdjSlot.c"
Finished building: ../checkAdjSlot.c
 
Building file: ../main.c
Invoking: GCC C Compiler
gcc -O0 -g3 -Wall -c -fmessage-length=0 -MMD -MP -MF"main.d" -MT"main.o" -o "main.o" "../main.c"
Finished building: ../main.c
 
Building file: ../modCapabilties.c
Invoking: GCC C Compiler
gcc -O0 -g3 -Wall -c -fmessage-length=0 -MMD -MP -MF"modCapabilties.d" -MT"modCapabilties.o" -o "modCapabilties.o" "../modCapabilties.c"
Finished building: ../modCapabilties.c
 
Building file: ../movement.c
Invoking: GCC C Compiler
gcc -O0 -g3 -Wall -c -fmessage-length=0 -MMD -MP -MF"movement.d" -MT"movement.o" -o "movement.o" "../movement.c"
Finished building: ../movement.c
 
Building file: ../reverseCapabilities.c
Invoking: GCC C Compiler
gcc -O0 -g3 -Wall -c -fmessage-length=0 -MMD -MP -MF"reverseCapabilities.d" -MT"reverseCapabilities.o" -o "reverseCapabilities.o" "../reverseCapabilities.c"
Finished building: ../reverseCapabilities.c
 
Building file: ../scoutPlayer.c
Invoking: GCC C Compiler
gcc -O0 -g3 -Wall -c -fmessage-length=0 -MMD -MP -MF"scoutPlayer.d" -MT"scoutPlayer.o" -o "scoutPlayer.o" "../scoutPlayer.c"
Finished building: ../scoutPlayer.c
 
Building file: ../slotAdj.c
Invoking: GCC C Compiler
gcc -O0 -g3 -Wall -c -fmessage-length=0 -MMD -MP -MF"slotAdj.d" -MT"slotAdj.o" -o "slotAdj.o" "../slotAdj.c"
Finished building: ../slotAdj.c
 
Building file: ../typeElf.c
Invoking: GCC C Compiler
gcc -O0 -g3 -Wall -c -fmessage-length=0 -MMD -MP -MF"typeElf.d" -MT"typeElf.o" -o "typeElf.o" "../typeElf.c"
Finished building: ../typeElf.c
 
Building file: ../typeHuman.c
Invoking: GCC C Compiler
gcc -O0 -g3 -Wall -c -fmessage-length=0 -MMD -MP -MF"typeHuman.d" -MT"typeHuman.o" -o "typeHuman.o" "../typeHuman.c"
Finished building: ../typeHuman.c
 
Building file: ../typeOgre.c
Invoking: GCC C Compiler
gcc -O0 -g3 -Wall -c -fmessage-length=0 -MMD -MP -MF"typeOgre.d" -MT"typeOgre.o" -o "typeOgre.o" "../typeOgre.c"
Finished building: ../typeOgre.c
 
Building file: ../typeWizard.c
Invoking: GCC C Compiler
gcc -O0 -g3 -Wall -c -fmessage-length=0 -MMD -MP -MF"typeWizard.d" -MT"typeWizard.o" -o "typeWizard.o" "../typeWizard.c"
Finished building: ../typeWizard.c
 
Building file: ../userInt.c
Invoking: GCC C Compiler
gcc -O0 -g3 -Wall -c -fmessage-length=0 -MMD -MP -MF"userInt.d" -MT"userInt.o" -o "userInt.o" "../userInt.c"
Finished building: ../userInt.c
 
Building target: CrossFire3
Invoking: GCC C Linker
gcc  -o "CrossFire3"  ./assignType.o ./attack.o ./boardOps.o ./checkAdjSlot.o ./main.o ./modCapabilties.o ./movement.o ./reverseCapabilities.o ./scoutPlayer.o ./slotAdj.o ./slotTypes.o ./typeElf.o ./typeHuman.o ./typeOgre.o ./typeWizard.o ./userInt.o   
Finished building target: CrossFire3
 

20:21:16 Build Finished (took 1s.752ms)

